=== Dermosul Bot Run 20250902_201452 ===
DASHBOARD_URL=http://localhost:5174/dashboard/pedidos
BELEZA_URL=https://www.belezanaweb.com.br/
FAST_SEARCH=True DELAY_SCALE=0.7 TYPING_DELAY=0.02
[20:14:52] ✔ 9 infos carregadas
[20:14:52] → Próximo cartão carregado: **** **** **** 3529
[20:14:52] Iniciando navegador 1 (Dashboard Pedidos)...
[20:14:54] → Acessou http://localhost:5174/dashboard/pedidos
[20:14:54] → Fez login (admin/123)
[20:14:56] ✔ Encontrados 20 pedidos na tabela
[20:14:56] Leitura concluída: 20 pedidos
[20:14:56] → Página 1: encontrados 6 pedidos com status PAGO
[20:14:56] → Abrindo pedido PAGO #1 na página 1
[20:14:56] ✔ Detalhe do pedido aberto com sucesso
[20:14:56] ✔ Detalhe aberto: Pedido #47880617
[20:14:56] → Produto identificado: SkinCeuticals HA Intensifier Multi-Glycan - Sérum Facial 30ml
[20:14:56] → Quantidade do pedido: 2
[20:14:56] → E-mail do cliente: Joaquim.Pereira72@bol.com.br
[20:14:56] → Abrindo Beleza na Web para pesquisar: SkinCeuticals HA Intensifier Multi-Glycan - Sérum Facial 30ml
[20:15:24] ⏱ Início do pedido (cronômetro iniciado)
[20:15:25] ✔ Pesquisa enviada (rápida)
[20:15:25] ⏱ Etapa 'Pesquisa' concluída em 1.2s
[20:16:22] ✔ Adicionado à sacola (página do produto)
[20:16:22] ⏱ Etapa 'Adicionar à sacola' concluída em 41.5s
[20:16:28] → CEP do pedido: 69076488
[20:16:37] ⏱ Etapa 'Validar sacola / Checkout' concluída em 15.0s
[20:16:37] → Preenchendo e-mail na autenticação: Joaquim.Pereira72i@bol.com.br
[20:16:37] ✔ E-mail enviado na autenticação
[20:16:40] ⏱ Etapa 'Autenticação' concluída em 3.0s
[20:16:41] ↻ Aguardando 2s antes de clicar em 'Criar Conta'…
[20:16:42] ↻ Aguardando 3s após avançar cadastro…
[20:16:44] ⏱ Etapa 'Cadastro' concluída em 4.7s
[20:16:44] → CEP do pedido: 69076488
[20:16:54] → CEP do pedido: 69076488
[20:17:03] ✔ Endereço salvo e continuado
[20:17:05] ✔ 'Usar este endereço' clicado
[20:17:15] ✔ Finalizar Pedido clicado
[20:17:27] ! Falha ao concluir pagamento na tentativa 1/3.
[20:17:30] ✔ Finalizar Pedido clicado
[20:17:42] ! Falha ao concluir pagamento na tentativa 2/3.
[20:17:44] ✔ Finalizar Pedido clicado
[20:17:56] ! Falha ao concluir pagamento na tentativa 3/3.
[20:17:56] ! Três tentativas de pagamento sem sucesso. Reiniciando fluxo completo…
[20:17:56] ⏱ Etapa 'Endereço' concluída em 71.6s
[20:17:58] ✔ Finalizar Pedido clicado
[20:18:04] ! Cartão reprovado (tentativa 1/3). Removendo e tentando próximo…
[20:18:04] → Cartão removido do infos.txt: 4984069379893529:12:28:377
[20:18:05] ↻ Aguardando 4s antes de nova tentativa…
[20:18:08] → Próximo cartão carregado: **** **** **** 2916
[20:18:08] ! Falha ao concluir pagamento na tentativa 2/3.
[20:18:09] ! Falha ao concluir pagamento na tentativa 3/3.
[20:18:09] ! Três tentativas de pagamento sem sucesso. Reiniciando fluxo completo…
[20:18:09] ⏱ Etapa 'Pagamento' concluída em 12.6s
[20:18:09] ⏱ Pedido finalizado (sem sucesso) em 164.7s
[20:18:09]   ⏱ Etapa 'Pesquisa': 1.2s
[20:18:09]   ⏱ Etapa 'Adicionar à sacola': 41.5s
[20:18:09]   ⏱ Etapa 'Validar sacola / Checkout': 15.0s
[20:18:09]   ⏱ Etapa 'Autenticação': 3.0s
[20:18:09]   ⏱ Etapa 'Cadastro': 4.7s
[20:18:09]   ⏱ Etapa 'Endereço': 71.6s
[20:18:09]   ⏱ Etapa 'Pagamento': 12.6s
[20:18:09] ↻ Repetindo fluxo na Beleza na Web…
[20:18:09] → Abrindo Beleza na Web para pesquisar: SkinCeuticals HA Intensifier Multi-Glycan - Sérum Facial 30ml
