=== Dermosul Bot Run 20250902_175553 ===
DASHBOARD_URL=http://localhost:5174/dashboard/pedidos
BELEZA_URL=https://www.belezanaweb.com.br/
FAST_SEARCH=True DELAY_SCALE=0.7 TYPING_DELAY=0.02
[17:55:53] ✔ 9 infos carregadas
[17:55:53] → Próximo cartão carregado: **** **** **** 3529
[17:55:53] Iniciando navegador 1 (Dashboard Pedidos)...
[17:55:58] → Acessou http://localhost:5174/dashboard/pedidos
[17:55:58] → Fez login (admin/123)
[17:55:59] ✔ Encontrados 10 pedidos na tabela
[17:55:59] Leitura concluída: 10 pedidos
[17:55:59] → Filtrando por status PAGO: 9 candidatos
[17:55:59] → Abrindo pedido PAGO #1
[17:56:00] ✔ Detalhe do pedido aberto com sucesso
[17:56:00] ✔ Detalhe aberto: Pedido #sM87UB2U
[17:56:00] → Produto identificado: SkinCeuticals HA Intensifier Multi-Glycan - Sérum Facial 30ml
[17:56:00] → E-mail do cliente: anarebeca9989@gmail.com
[17:56:00] → Abrindo Beleza na Web para pesquisar: SkinCeuticals HA Intensifier Multi-Glycan - Sérum Facial 30ml
[17:56:02] ⏱ Início do pedido (cronômetro iniciado)
[17:56:03] ✔ Pesquisa enviada (rápida)
[17:56:03] ⏱ Etapa 'Pesquisa' concluída em 0.2s
