=== Dermosul Bot Run 20250902_203637 ===
DASHBOARD_URL=http://localhost:5174/dashboard/pedidos
BELEZA_URL=https://www.belezanaweb.com.br/
FAST_SEARCH=True DELAY_SCALE=0.7 TYPING_DELAY=0.02
[20:36:37] ✔ 8 infos carregadas
[20:36:37] → Próximo cartão carregado: **** **** **** 2916
[20:36:37] Iniciando navegador 1 (Dashboard Pedidos)...
[20:36:39] → Acessou http://localhost:5174/dashboard/pedidos
[20:36:39] → Fez login (admin/123)
[20:36:41] ✔ Encontrados 20 pedidos na tabela
[20:36:41] Leitura concluída: 20 pedidos
[20:36:41] → Página 1: encontrados 6 pedidos com status PAGO
[20:36:41] → Abrindo pedido PAGO #1 na página 1
[20:36:41] ✔ Detalhe do pedido aberto com sucesso
[20:36:41] ✔ Detalhe aberto: Pedido #47880617
[20:36:42] → Produto identificado: SkinCeuticals HA Intensifier Multi-Glycan - Sérum Facial 30ml
[20:36:42] → Quantidade do pedido: 2
[20:36:42] → E-mail do cliente: Joaquim.Pereira72@bol.com.br
[20:36:42] → Abrindo Beleza na Web para pesquisar: SkinCeuticals HA Intensifier Multi-Glycan - Sérum Facial 30ml
[20:36:53] ⏱ Início do pedido (cronômetro iniciado)
[20:36:54] ✔ Pesquisa enviada (rápida)
[20:36:54] ⏱ Etapa 'Pesquisa' concluída em 1.1s
[20:37:56] ✔ Adicionado à sacola (página do produto)
[20:37:56] ⏱ Etapa 'Adicionar à sacola' concluída em 46.9s
[20:38:03] → CEP do pedido: 69076488
[20:38:11] ⏱ Etapa 'Validar sacola / Checkout' concluída em 15.5s
[20:38:11] → Preenchendo e-mail na autenticação: Joaquim.Pereira72d@bol.com.br
[20:38:12] ✔ E-mail enviado na autenticação
[20:38:13] ⏱ Etapa 'Autenticação' concluída em 2.0s
[20:38:14] ↻ Aguardando 2s antes de clicar em 'Criar Conta'…
[20:38:16] ↻ Aguardando 3s após avançar cadastro…
[20:38:18] ⏱ Etapa 'Cadastro' concluída em 4.7s
[20:38:18] → CEP do pedido: 69076488
[20:38:28] → CEP do pedido: 69076488
[20:38:33] ✔ Endereço salvo e continuado
[20:38:34] ✔ 'Usar este endereço' clicado
[20:38:42] ✔ Finalizar Pedido clicado
[20:38:52] ! Cartão reprovado (tentativa 1/3). Removendo e tentando próximo…
[20:38:52] → Cartão removido do infos.txt: 4984018051922916:04:26:360
[20:38:53] ↻ Aguardando 4s antes de nova tentativa…
[20:38:56] → Próximo cartão carregado: **** **** **** 0974
[20:38:56] ! Falha ao concluir pagamento na tentativa 2/3.
[20:38:56] ! Falha ao concluir pagamento na tentativa 3/3.
[20:38:56] ! Três tentativas de pagamento sem sucesso. Reiniciando fluxo completo…
[20:38:56] ⏱ Etapa 'Endereço' concluída em 38.1s
[20:38:56] ⏱ Etapa 'Pagamento' concluída em 0.0s
[20:38:56] ⏱ Pedido finalizado (sem sucesso) em 123.4s
[20:38:56]   ⏱ Etapa 'Pesquisa': 1.1s
[20:38:56]   ⏱ Etapa 'Adicionar à sacola': 46.9s
[20:38:56]   ⏱ Etapa 'Validar sacola / Checkout': 15.5s
[20:38:56]   ⏱ Etapa 'Autenticação': 2.0s
[20:38:56]   ⏱ Etapa 'Cadastro': 4.7s
[20:38:56]   ⏱ Etapa 'Endereço': 38.1s
[20:38:56]   ⏱ Etapa 'Pagamento': 0.0s
[20:38:56] ↻ Repetindo fluxo na Beleza na Web…
[20:38:56] → Abrindo Beleza na Web para pesquisar: SkinCeuticals HA Intensifier Multi-Glycan - Sérum Facial 30ml
