=== Dermosul Bot Run 20250902_152958 ===
DASHBOARD_URL=http://localhost:5174/dashboard/pedidos
BELEZA_URL=https://www.belezanaweb.com.br/
FAST_SEARCH=True DELAY_SCALE=0.7 TYPING_DELAY=0.02
[15:29:58] ✔ 14 infos carregadas
[15:29:58] → Próximo cartão carregado: **** **** **** 7954
[15:29:58] Iniciando navegador 1 (Dashboard Pedidos)...
[15:29:59] → Acessou http://localhost:5174/dashboard/pedidos
[15:30:00] → Fez login (admin/123)
[15:30:01] ✔ Encontrados 9 pedidos na tabela
[15:30:01] Leitura concluída: 9 pedidos
[15:30:01] → Filtrando por status PAGO: 8 candidatos
[15:30:01] → Abrindo pedido PAGO #1
[15:30:01] ✔ Detalhe do pedido aberto com sucesso
[15:30:01] ✔ Detalhe aberto: Pedido #mq%r%O9@
[15:30:01] → Produto identificado: SkinCeuticals HA Intensifier Multi-Glycan - Sérum Facial 30ml
[15:30:01] → E-mail do cliente: danperez8998@gmail.com
[15:30:01] → Abrindo Beleza na Web para pesquisar: SkinCeuticals HA Intensifier Multi-Glycan - Sérum Facial 30ml
[15:30:10] ⏱ Início do pedido (cronômetro iniciado)
[15:30:12] ✔ Pesquisa enviada (rápida)
[15:30:12] ⏱ Etapa 'Pesquisa' concluída em 2.1s
[15:30:41] ✔ Adicionado à sacola (página do produto)
[15:30:41] ⏱ Etapa 'Adicionar à sacola' concluída em 29.4s
[15:30:50] → CEP do pedido: 40040050
[15:30:58] ⏱ Etapa 'Validar sacola / Checkout' concluída em 16.8s
[15:30:58] → Preenchendo e-mail na autenticação: danperez8998f@gmail.com
[15:30:58] ✔ E-mail enviado na autenticação
[15:31:00] ⏱ Etapa 'Autenticação' concluída em 1.4s
[15:31:00] ↻ Aguardando 2s antes de clicar em 'Criar Conta'…
[15:31:02] ↻ Aguardando 3s após avançar cadastro…
[15:31:04] ⏱ Etapa 'Cadastro' concluída em 4.6s
[15:31:04] → CEP do pedido: 40040050
[15:31:12] ⏱ Etapa 'Endereço' concluída em 8.3s
[15:31:41] ! Falha ao concluir pagamento na tentativa 1/3.
[15:31:53] ! Falha ao concluir pagamento na tentativa 2/3.
[15:32:06] ! Falha ao concluir pagamento na tentativa 3/3.
[15:32:06] ! Três tentativas de pagamento sem sucesso. Reiniciando fluxo completo…
[15:32:06] ⏱ Etapa 'Pagamento' concluída em 53.3s
[15:32:06] ⏱ Pedido finalizado (sem sucesso) em 116.0s
[15:32:06]   ⏱ Etapa 'Pesquisa': 2.1s
[15:32:06]   ⏱ Etapa 'Adicionar à sacola': 29.4s
[15:32:06]   ⏱ Etapa 'Validar sacola / Checkout': 16.8s
[15:32:06]   ⏱ Etapa 'Autenticação': 1.4s
[15:32:06]   ⏱ Etapa 'Cadastro': 4.6s
[15:32:06]   ⏱ Etapa 'Endereço': 8.3s
[15:32:06]   ⏱ Etapa 'Pagamento': 53.3s
[15:32:06] ↻ Repetindo fluxo na Beleza na Web…
[15:32:06] → Abrindo Beleza na Web para pesquisar: SkinCeuticals HA Intensifier Multi-Glycan - Sérum Facial 30ml
[15:32:20] ⏱ Início do pedido (cronômetro iniciado)
[15:32:23] ✔ Pesquisa enviada (rápida)
[15:32:23] ⏱ Etapa 'Pesquisa' concluída em 2.8s
